{"C:\\Users\\wineg\\OneDrive\\Desktop\\TDD\\NodeJS-TDD\\practice\\src\\calculator.js":{"path":"C:\\Users\\wineg\\OneDrive\\Desktop\\TDD\\NodeJS-TDD\\practice\\src\\calculator.js","statementMap":{"0":{"start":{"line":2,"column":2},"end":{"line":2,"column":15}},"1":{"start":{"line":5,"column":0},"end":{"line":7,"column":2}}},"fnMap":{"0":{"name":"multiply","decl":{"start":{"line":1,"column":9},"end":{"line":1,"column":17}},"loc":{"start":{"line":1,"column":24},"end":{"line":3,"column":1}},"line":1}},"branchMap":{},"s":{"0":3,"1":1},"f":{"0":3},"b":{},"_coverageSchema":"1a1c01bbd47fc00a2c39e90264f33305004495a9","hash":"71b7fab2b0c0665d5c4d55fca390f77ffae01d57","contentHash":"91e244d483297c2bae1e79c3972c910c4ac9f7dbe0e1c2c74c5d35f858bce3d7"},"C:\\Users\\wineg\\OneDrive\\Desktop\\TDD\\NodeJS-TDD\\practice\\src\\password.js":{"path":"C:\\Users\\wineg\\OneDrive\\Desktop\\TDD\\NodeJS-TDD\\practice\\src\\password.js","statementMap":{"0":{"start":{"line":2,"column":2},"end":{"line":2,"column":30}},"1":{"start":{"line":5,"column":0},"end":{"line":7,"column":2}}},"fnMap":{"0":{"name":"isValidPassword","decl":{"start":{"line":1,"column":9},"end":{"line":1,"column":24}},"loc":{"start":{"line":1,"column":35},"end":{"line":3,"column":1}},"line":1}},"branchMap":{},"s":{"0":3,"1":1},"f":{"0":3},"b":{},"_coverageSchema":"1a1c01bbd47fc00a2c39e90264f33305004495a9","hash":"0ad32072a1ba5b42a407c9688212cff1f4d7ee75","contentHash":"24437e9ac532235cf8aa87ad13543fad3ca021dd593dd56ffea7443ed0e2d517"},"C:\\Users\\wineg\\OneDrive\\Desktop\\TDD\\NodeJS-TDD\\practice\\src\\shopping.js":{"path":"C:\\Users\\wineg\\OneDrive\\Desktop\\TDD\\NodeJS-TDD\\practice\\src\\shopping.js","statementMap":{"0":{"start":{"line":2,"column":14},"end":{"line":2,"column":30}},"1":{"start":{"line":4,"column":2},"end":{"line":6,"column":3}},"2":{"start":{"line":5,"column":4},"end":{"line":5,"column":24}},"3":{"start":{"line":8,"column":2},"end":{"line":8,"column":15}},"4":{"start":{"line":11,"column":0},"end":{"line":13,"column":2}}},"fnMap":{"0":{"name":"calculateTotal","decl":{"start":{"line":1,"column":9},"end":{"line":1,"column":23}},"loc":{"start":{"line":1,"column":51},"end":{"line":9,"column":1}},"line":1}},"branchMap":{"0":{"loc":{"start":{"line":4,"column":2},"end":{"line":6,"column":3}},"type":"if","locations":[{"start":{"line":4,"column":2},"end":{"line":6,"column":3}},{"start":{},"end":{}}],"line":4}},"s":{"0":2,"1":2,"2":1,"3":2,"4":1},"f":{"0":2},"b":{"0":[1,1]},"_coverageSchema":"1a1c01bbd47fc00a2c39e90264f33305004495a9","hash":"c8f16f6c4f472f6aef8ef12860dc16c8e4cbf20d","contentHash":"3a676cda58e0057fc193b5acea33423286e50d7fb2dfbb534279a343d0f1dca4"}}